<?xml version="1.0" encoding="UTF-8"?>
<!-- Generated by org.testng.reporters.JUnitReportReporter -->
<testsuite skipped="0" hostname="DESKTOP-OSVL1LC" name="base.Base" tests="1" failures="0" timestamp="12 Sep 2019 11:09:09 GMT" time="30.161" errors="0">
  <testcase name="init" time="30.161" classname="base.Base"/>
</testsuite> <!-- base.Base -->
