<?xml version="1.0" encoding="UTF-8"?>
<!-- Generated by org.testng.reporters.JUnitReportReporter -->
<testsuite skipped="0" hostname="DESKTOP-OSVL1LC" name="screeTest.LoginTest" tests="1" failures="0" timestamp="12 Sep 2019 11:53:54 GMT" time="34.942" errors="0">
  <testcase name="loginApp" time="34.942" classname="screeTest.LoginTest"/>
</testsuite> <!-- screeTest.LoginTest -->
